<?xml version="1.0" encoding="UTF-8"?>
<testsuite xmlns:xsi="http://www.w3.org/2001/XMLSchema-instance" xsi:noNamespaceSchemaLocation="https://maven.apache.org/surefire/maven-surefire-plugin/xsd/surefire-test-report-3.0.xsd" version="3.0" name="com.cgvsu.affine_transform.AffineTransformTest" time="0.048" tests="6" errors="0" skipped="0" failures="0">
  <properties>
[...]
</properties>
  <testcase name="transformVertex01" classname="com.cgvsu.affine_transform.AffineTransformTest" time="0.024"/>
  <testcase name="transformVertex02" classname="com.cgvsu.affine_transform.AffineTransformTest" time="0.002"/>
  <testcase name="transformVertex03" classname="com.cgvsu.affine_transform.AffineTransformTest" time="0.001"/>
  <testcase name="transformVertex04" classname="com.cgvsu.affine_transform.AffineTransformTest" time="0.001"/>
  <testcase name="transformVertex02a" classname="com.cgvsu.affine_transform.AffineTransformTest" time="0.001"/>
  <testcase name="transformVertex04a" classname="com.cgvsu.affine_transform.AffineTransformTest" time="0.001"/>
</testsuite>